  Курсовая работа.cpp
c:\users\klaim\desktop\'лэти'\курс №2\второй семестр\аисд\курсовая работа\курсовая работа.cpp(20): warning C4244: =: преобразование "double" в "sf::Uint8", возможна потеря данных
c:\users\klaim\desktop\'лэти'\курс №2\второй семестр\аисд\курсовая работа\курсовая работа.cpp(21): warning C4244: =: преобразование "double" в "sf::Uint8", возможна потеря данных
c:\users\klaim\desktop\'лэти'\курс №2\второй семестр\аисд\курсовая работа\курсовая работа.cpp(22): warning C4244: =: преобразование "double" в "sf::Uint8", возможна потеря данных
c:\users\klaim\desktop\'лэти'\курс №2\второй семестр\аисд\курсовая работа\курсовая работа.cpp(27): warning C4244: аргумент: преобразование "int" в "float", возможна потеря данных
c:\users\klaim\desktop\'лэти'\курс №2\второй семестр\аисд\курсовая работа\курсовая работа.cpp(222): warning C4244: инициализация: преобразование "double" в "int", возможна потеря данных
c:\users\klaim\desktop\'лэти'\курс №2\второй семестр\аисд\курсовая работа\курсовая работа.cpp(282): warning C4244: инициализация: преобразование "double" в "int", возможна потеря данных
c:\users\klaim\desktop\'лэти'\курс №2\второй семестр\аисд\курсовая работа\курсовая работа.cpp(550): warning C4018: <: несоответствие типов со знаком и без знака
c:\users\klaim\desktop\'лэти'\курс №2\второй семестр\аисд\курсовая работа\курсовая работа.cpp(556): warning C4018: <: несоответствие типов со знаком и без знака
c:\users\klaim\desktop\'лэти'\курс №2\второй семестр\аисд\курсовая работа\курсовая работа.cpp(562): warning C4018: <: несоответствие типов со знаком и без знака
c:\users\klaim\desktop\'лэти'\курс №2\второй семестр\аисд\курсовая работа\курсовая работа.cpp(568): warning C4018: <: несоответствие типов со знаком и без знака
c:\users\klaim\desktop\'лэти'\курс №2\второй семестр\аисд\курсовая работа\курсовая работа.cpp(574): warning C4018: <: несоответствие типов со знаком и без знака
c:\users\klaim\desktop\'лэти'\курс №2\второй семестр\аисд\курсовая работа\курсовая работа.cpp(580): warning C4018: <: несоответствие типов со знаком и без знака
c:\users\klaim\desktop\'лэти'\курс №2\второй семестр\аисд\курсовая работа\курсовая работа.cpp(586): warning C4018: <: несоответствие типов со знаком и без знака
c:\users\klaim\desktop\'лэти'\курс №2\второй семестр\аисд\курсовая работа\курсовая работа.cpp(592): warning C4018: <: несоответствие типов со знаком и без знака
c:\users\klaim\desktop\'лэти'\курс №2\второй семестр\аисд\курсовая работа\курсовая работа.cpp(598): warning C4018: <: несоответствие типов со знаком и без знака
c:\users\klaim\desktop\'лэти'\курс №2\второй семестр\аисд\курсовая работа\курсовая работа.cpp(602): warning C4018: <: несоответствие типов со знаком и без знака
c:\users\klaim\desktop\'лэти'\курс №2\второй семестр\аисд\курсовая работа\курсовая работа.cpp(603): warning C4018: <: несоответствие типов со знаком и без знака
c:\users\klaim\desktop\'лэти'\курс №2\второй семестр\аисд\курсовая работа\курсовая работа.cpp(625): warning C4244: аргумент: преобразование "double" в "int", возможна потеря данных
c:\users\klaim\desktop\'лэти'\курс №2\второй семестр\аисд\курсовая работа\курсовая работа.cpp(628): warning C4244: аргумент: преобразование "double" в "int", возможна потеря данных
c:\users\klaim\desktop\'лэти'\курс №2\второй семестр\аисд\курсовая работа\курсовая работа.cpp(654): warning C4018: <: несоответствие типов со знаком и без знака
c:\users\klaim\desktop\'лэти'\курс №2\второй семестр\аисд\курсовая работа\курсовая работа.cpp(655): warning C4018: <: несоответствие типов со знаком и без знака
c:\users\klaim\desktop\'лэти'\курс №2\второй семестр\аисд\курсовая работа\курсовая работа.cpp(661): warning C4244: аргумент: преобразование "double" в "int", возможна потеря данных
c:\users\klaim\desktop\'лэти'\курс №2\второй семестр\аисд\курсовая работа\курсовая работа.cpp(664): warning C4244: аргумент: преобразование "double" в "int", возможна потеря данных
  Курсовая работа.vcxproj -> C:\Users\klaim\Desktop\'ЛЭТИ'\Курс №2\второй семестр\АиСД\Курсовая работа\x64\Debug\Курсовая работа.exe
