  Source.cpp
c:\users\klaim\desktop\'лэти'\курс №2\первый семестр\аисд\лаба №4\лаб №4\source.cpp(39): warning C4244: =: преобразование "double" в "int", возможна потеря данных
c:\users\klaim\desktop\'лэти'\курс №2\первый семестр\аисд\лаба №4\лаб №4\source.cpp(41): warning C4244: аргумент: преобразование "int" в "float", возможна потеря данных
c:\users\klaim\desktop\'лэти'\курс №2\первый семестр\аисд\лаба №4\лаб №4\source.cpp(56): warning C4244: аргумент: преобразование "int" в "float", возможна потеря данных
c:\users\klaim\desktop\'лэти'\курс №2\первый семестр\аисд\лаба №4\лаб №4\source.cpp(74): warning C4244: аргумент: преобразование "int" в "float", возможна потеря данных
c:\users\klaim\desktop\'лэти'\курс №2\первый семестр\аисд\лаба №4\лаб №4\source.cpp(89): warning C4244: /=: преобразование "double" в "int", возможна потеря данных
c:\users\klaim\desktop\'лэти'\курс №2\первый семестр\аисд\лаба №4\лаб №4\source.cpp(93): warning C4244: аргумент: преобразование "int" в "T", возможна потеря данных
          with
          [
              T=float
          ]
c:\users\klaim\desktop\'лэти'\курс №2\первый семестр\аисд\лаба №4\лаб №4\source.cpp(94): warning C4244: аргумент: преобразование "int" в "T", возможна потеря данных
          with
          [
              T=float
          ]
c:\users\klaim\desktop\'лэти'\курс №2\первый семестр\аисд\лаба №4\лаб №4\source.cpp(99): warning C4244: аргумент: преобразование "int" в "float", возможна потеря данных
c:\users\klaim\desktop\'лэти'\курс №2\первый семестр\аисд\лаба №4\лаб №4\source.cpp(114): warning C4244: /=: преобразование "double" в "int", возможна потеря данных
c:\users\klaim\desktop\'лэти'\курс №2\первый семестр\аисд\лаба №4\лаб №4\source.cpp(118): warning C4244: аргумент: преобразование "int" в "T", возможна потеря данных
          with
          [
              T=float
          ]
c:\users\klaim\desktop\'лэти'\курс №2\первый семестр\аисд\лаба №4\лаб №4\source.cpp(119): warning C4244: аргумент: преобразование "int" в "T", возможна потеря данных
          with
          [
              T=float
          ]
c:\users\klaim\desktop\'лэти'\курс №2\первый семестр\аисд\лаба №4\лаб №4\source.cpp(124): warning C4244: аргумент: преобразование "int" в "float", возможна потеря данных
c:\users\klaim\desktop\'лэти'\курс №2\первый семестр\аисд\лаба №4\лаб №4\source.cpp(440): warning C4267: инициализация: преобразование из "size_t" в "int"; возможна потеря данных
c:\users\klaim\desktop\'лэти'\курс №2\первый семестр\аисд\лаба №4\лаб №4\source.cpp(479): warning C4267: инициализация: преобразование из "size_t" в "int"; возможна потеря данных
c:\users\klaim\desktop\'лэти'\курс №2\первый семестр\аисд\лаба №4\лаб №4\source.cpp(514): warning C4267: инициализация: преобразование из "size_t" в "int"; возможна потеря данных
c:\users\klaim\desktop\'лэти'\курс №2\первый семестр\аисд\лаба №4\лаб №4\source.cpp(581): warning C4267: инициализация: преобразование из "size_t" в "int"; возможна потеря данных
c:\users\klaim\desktop\'лэти'\курс №2\первый семестр\аисд\лаба №4\лаб №4\source.cpp(645): warning C4267: инициализация: преобразование из "size_t" в "int"; возможна потеря данных
  Лаб №4.vcxproj -> C:\Users\klaim\Desktop\'ЛЭТИ'\Курс №2\первый семестр\АиСД\Лаба №4\x64\Debug\Лаб №4.exe
