  Лаб №1.cpp
C:\Program Files (x86)\Windows Kits\10\Include\10.0.19041.0\ucrt\tgmath.h(27): warning UCRT4000: The Universal CRT implementation of tgmath.h does not conform to the C99 standard. Functionality equivalent to the type-generic functions provided by tgmath.h is available in <ctgmath> when compiling as C++. If compiling in C++17 mode or higher (/std:c++17), this header will automatically include <ctgmath> instead. You can define _CRT_SILENCE_NONCONFORMING_TGMATH_H to acknowledge that you have received this warning.
C:\Users\klaim\Desktop\'ЛЭТИ'\Курс №2\ЭВМ\Лаб №1\Лаб №1\Лаб №1.cpp(41,33): warning C4267: инициализация: преобразование из "size_t" в "int"; возможна потеря данных
C:\Users\klaim\Desktop\'ЛЭТИ'\Курс №2\ЭВМ\Лаб №1\Лаб №1\Лаб №1.cpp(46,16): warning C4244: +=: преобразование "double" в "int", возможна потеря данных
C:\Users\klaim\Desktop\'ЛЭТИ'\Курс №2\ЭВМ\Лаб №1\Лаб №1\Лаб №1.cpp(68,14): warning C4804: <: небезопасное использование типа "bool" в операции
C:\Users\klaim\Desktop\'ЛЭТИ'\Курс №2\ЭВМ\Лаб №1\Лаб №1\Лаб №1.cpp(69,14): warning C4804: <: небезопасное использование типа "bool" в операции
C:\Users\klaim\Desktop\'ЛЭТИ'\Курс №2\ЭВМ\Лаб №1\Лаб №1\Лаб №1.cpp(70,14): warning C4804: <: небезопасное использование типа "bool" в операции
C:\Users\klaim\Desktop\'ЛЭТИ'\Курс №2\ЭВМ\Лаб №1\Лаб №1\Лаб №1.cpp(71,2): warning C4267: инициализация: преобразование из "size_t" в "int"; возможна потеря данных
C:\Users\klaim\Desktop\'ЛЭТИ'\Курс №2\ЭВМ\Лаб №1\Лаб №1\Лаб №1.cpp(96,23): warning C4244: аргумент: преобразование "double" в "int", возможна потеря данных
C:\Users\klaim\Desktop\'ЛЭТИ'\Курс №2\ЭВМ\Лаб №1\Лаб №1\Лаб №1.cpp(104,11): warning C4244: return: преобразование "double" в "int", возможна потеря данных
C:\Users\klaim\Desktop\'ЛЭТИ'\Курс №2\ЭВМ\Лаб №1\Лаб №1\Лаб №1.cpp(112,23): warning C4244: аргумент: преобразование "double" в "int", возможна потеря данных
C:\Users\klaim\Desktop\'ЛЭТИ'\Курс №2\ЭВМ\Лаб №1\Лаб №1\Лаб №1.cpp(122,38): warning C4244: аргумент: преобразование "double" в "int", возможна потеря данных
C:\Users\klaim\Desktop\'ЛЭТИ'\Курс №2\ЭВМ\Лаб №1\Лаб №1\Лаб №1.cpp(128,11): warning C4244: return: преобразование "double" в "int", возможна потеря данных
C:\Users\klaim\Desktop\'ЛЭТИ'\Курс №2\ЭВМ\Лаб №1\Лаб №1\Лаб №1.cpp(160,26): warning C4244: аргумент: преобразование "double" в "int", возможна потеря данных
C:\Users\klaim\Desktop\'ЛЭТИ'\Курс №2\ЭВМ\Лаб №1\Лаб №1\Лаб №1.cpp(173,26): warning C4244: аргумент: преобразование "double" в "int", возможна потеря данных
C:\Users\klaim\Desktop\'ЛЭТИ'\Курс №2\ЭВМ\Лаб №1\Лаб №1\Лаб №1.cpp(183,44): warning C4244: аргумент: преобразование "double" в "int", возможна потеря данных
C:\Users\klaim\Desktop\'ЛЭТИ'\Курс №2\ЭВМ\Лаб №1\Лаб №1\Лаб №1.cpp(239,15): warning C4244: /=: преобразование "double" в "int", возможна потеря данных
C:\Users\klaim\Desktop\'ЛЭТИ'\Курс №2\ЭВМ\Лаб №1\Лаб №1\Лаб №1.cpp(288,15): warning C4244: *=: преобразование "double" в "int", возможна потеря данных
C:\Users\klaim\Desktop\'ЛЭТИ'\Курс №2\ЭВМ\Лаб №1\Лаб №1\Лаб №1.cpp(369,26): warning C4244: аргумент: преобразование "double" в "int", возможна потеря данных
C:\Users\klaim\Desktop\'ЛЭТИ'\Курс №2\ЭВМ\Лаб №1\Лаб №1\Лаб №1.cpp(381,26): warning C4244: аргумент: преобразование "double" в "int", возможна потеря данных
C:\Users\klaim\Desktop\'ЛЭТИ'\Курс №2\ЭВМ\Лаб №1\Лаб №1\Лаб №1.cpp(390,44): warning C4244: аргумент: преобразование "double" в "int", возможна потеря данных
C:\Users\klaim\Desktop\'ЛЭТИ'\Курс №2\ЭВМ\Лаб №1\Лаб №1\Лаб №1.cpp(433,26): warning C4244: аргумент: преобразование "double" в "int", возможна потеря данных
C:\Users\klaim\Desktop\'ЛЭТИ'\Курс №2\ЭВМ\Лаб №1\Лаб №1\Лаб №1.cpp(446,26): warning C4244: аргумент: преобразование "double" в "int", возможна потеря данных
C:\Users\klaim\Desktop\'ЛЭТИ'\Курс №2\ЭВМ\Лаб №1\Лаб №1\Лаб №1.cpp(454,44): warning C4244: аргумент: преобразование "double" в "int", возможна потеря данных
C:\Users\klaim\Desktop\'ЛЭТИ'\Курс №2\ЭВМ\Лаб №1\Лаб №1\Лаб №1.cpp(513,13): warning C4244: аргумент: преобразование "double" в "int", возможна потеря данных
  Лаб №1.vcxproj -> C:\Users\klaim\Desktop\'ЛЭТИ'\Курс №2\ЭВМ\Лаб №1\x64\Debug\Лаб №1.exe
