  Лаба №4.cpp
c:\users\klaim\desktop\'лэти'\курс №2\второй семестр\аисд\лаба №4\лаба №4.cpp(26): warning C4244: =: преобразование "double" в "sf::Uint8", возможна потеря данных
c:\users\klaim\desktop\'лэти'\курс №2\второй семестр\аисд\лаба №4\лаба №4.cpp(27): warning C4244: =: преобразование "double" в "sf::Uint8", возможна потеря данных
c:\users\klaim\desktop\'лэти'\курс №2\второй семестр\аисд\лаба №4\лаба №4.cpp(28): warning C4244: =: преобразование "double" в "sf::Uint8", возможна потеря данных
c:\users\klaim\desktop\'лэти'\курс №2\второй семестр\аисд\лаба №4\лаба №4.cpp(33): warning C4244: аргумент: преобразование "int" в "float", возможна потеря данных
c:\users\klaim\desktop\'лэти'\курс №2\второй семестр\аисд\лаба №4\лаба №4.cpp(452): warning C4244: инициализация: преобразование "double" в "int", возможна потеря данных
c:\users\klaim\desktop\'лэти'\курс №2\второй семестр\аисд\лаба №4\лаба №4.cpp(503): warning C4244: =: преобразование "double" в "int", возможна потеря данных
c:\users\klaim\desktop\'лэти'\курс №2\второй семестр\аисд\лаба №4\лаба №4.cpp(671): warning C4018: <: несоответствие типов со знаком и без знака
c:\users\klaim\desktop\'лэти'\курс №2\второй семестр\аисд\лаба №4\лаба №4.cpp(676): warning C4018: <: несоответствие типов со знаком и без знака
c:\users\klaim\desktop\'лэти'\курс №2\второй семестр\аисд\лаба №4\лаба №4.cpp(681): warning C4018: <: несоответствие типов со знаком и без знака
c:\users\klaim\desktop\'лэти'\курс №2\второй семестр\аисд\лаба №4\лаба №4.cpp(685): warning C4018: <: несоответствие типов со знаком и без знака
c:\users\klaim\desktop\'лэти'\курс №2\второй семестр\аисд\лаба №4\лаба №4.cpp(686): warning C4018: <: несоответствие типов со знаком и без знака
c:\users\klaim\desktop\'лэти'\курс №2\второй семестр\аисд\лаба №4\лаба №4.cpp(695): warning C4018: <: несоответствие типов со знаком и без знака
c:\users\klaim\desktop\'лэти'\курс №2\второй семестр\аисд\лаба №4\лаба №4.cpp(701): warning C4018: <: несоответствие типов со знаком и без знака
c:\users\klaim\desktop\'лэти'\курс №2\второй семестр\аисд\лаба №4\лаба №4.cpp(707): warning C4018: <: несоответствие типов со знаком и без знака
c:\users\klaim\desktop\'лэти'\курс №2\второй семестр\аисд\лаба №4\лаба №4.cpp(737): warning C4018: <: несоответствие типов со знаком и без знака
c:\users\klaim\desktop\'лэти'\курс №2\второй семестр\аисд\лаба №4\лаба №4.cpp(738): warning C4018: <: несоответствие типов со знаком и без знака
c:\users\klaim\desktop\'лэти'\курс №2\второй семестр\аисд\лаба №4\лаба №4.cpp(762): warning C4018: <: несоответствие типов со знаком и без знака
c:\users\klaim\desktop\'лэти'\курс №2\второй семестр\аисд\лаба №4\лаба №4.cpp(766): warning C4018: <: несоответствие типов со знаком и без знака
c:\users\klaim\desktop\'лэти'\курс №2\второй семестр\аисд\лаба №4\лаба №4.cpp(767): warning C4018: <: несоответствие типов со знаком и без знака
c:\users\klaim\desktop\'лэти'\курс №2\второй семестр\аисд\лаба №4\лаба №4.cpp(776): warning C4018: <: несоответствие типов со знаком и без знака
c:\users\klaim\desktop\'лэти'\курс №2\второй семестр\аисд\лаба №4\лаба №4.cpp(779): warning C4018: <: несоответствие типов со знаком и без знака
c:\users\klaim\desktop\'лэти'\курс №2\второй семестр\аисд\лаба №4\лаба №4.cpp(799): warning C4018: <: несоответствие типов со знаком и без знака
c:\users\klaim\desktop\'лэти'\курс №2\второй семестр\аисд\лаба №4\лаба №4.cpp(800): warning C4018: <: несоответствие типов со знаком и без знака
c:\users\klaim\desktop\'лэти'\курс №2\второй семестр\аисд\лаба №4\лаба №4.cpp(808): warning C4018: <: несоответствие типов со знаком и без знака
c:\users\klaim\desktop\'лэти'\курс №2\второй семестр\аисд\лаба №4\лаба №4.cpp(809): warning C4018: <: несоответствие типов со знаком и без знака
c:\users\klaim\desktop\'лэти'\курс №2\второй семестр\аисд\лаба №4\лаба №4.cpp(831): warning C4018: <: несоответствие типов со знаком и без знака
c:\users\klaim\desktop\'лэти'\курс №2\второй семестр\аисд\лаба №4\лаба №4.cpp(845): warning C4018: <: несоответствие типов со знаком и без знака
c:\users\klaim\desktop\'лэти'\курс №2\второй семестр\аисд\лаба №4\лаба №4.cpp(851): warning C4018: <: несоответствие типов со знаком и без знака
c:\users\klaim\desktop\'лэти'\курс №2\второй семестр\аисд\лаба №4\лаба №4.cpp(852): warning C4018: <: несоответствие типов со знаком и без знака
c:\users\klaim\desktop\'лэти'\курс №2\второй семестр\аисд\лаба №4\лаба №4.cpp(857): warning C4018: <: несоответствие типов со знаком и без знака
  Лаба №4.vcxproj -> C:\Users\klaim\Desktop\'ЛЭТИ'\Курс №2\второй семестр\АиСД\Лаба №4\x64\Debug\Лаба №4.exe
